Build started 2016/3/14 17:46:14.
     1>Project "F:\手势识别相关文档和程序备份\vTestHandTrace\CoordinateMappingBasics-D2D\CoordinateMappingBasics-D2D.vcxproj" on node 2 (Build target(s)).
     1>C:\Program Files (x86)\MSBuild\Microsoft.Cpp\v4.0\V120\Microsoft.CppBuild.targets(363,5): warning MSB8004: Intermediate Directory does not end with a trailing slash.  This build instance will add the slash as it is required to allow proper evaluation of the Intermediate Directory.
     1>C:\Program Files (x86)\MSBuild\Microsoft.Cpp\v4.0\V120\Microsoft.CppBuild.targets(364,5): warning MSB8004: Output Directory does not end with a trailing slash.  This build instance will add the slash as it is required to allow proper evaluation of the Output Directory.
     1>ClCompile:
         D:\vs2013\VC\bin\CL.exe /c /IF:\opencv\build\include /IF:\VSTest\HandTrace\HandTrace /Zi /nologo /W1 /WX- /O2 /Oi /Oy- /GL /D WIN32 /D NDEBUG /D _WINDOWS /D _UNICODE /D UNICODE /Gm- /EHsc /MD /GS /Gy /fp:precise /Zc:wchar_t /Zc:forScope /Fo"F:\手势识别相关文档和程序备份\vTestHandTrace\CoordinateMappingBasics-D2D\\Win32\Release\CoordinateMappingBasics-D2D\\" /Fd"F:\手势识别相关文档和程序备份\vTestHandTrace\CoordinateMappingBasics-D2D\\Win32\Release\CoordinateMappingBasics-D2D\vc120.pdb" /Gd /TP /analyze- /errorReport:prompt CoordinateMappingBasics.cpp DepthBasics.cpp ImageRenderer.cpp main.cpp
         CoordinateMappingBasics.cpp
     1>f:\手势识别相关文档和程序备份\vtesthandtrace\coordinatemappingbasics-d2d\ICalib.h(11): fatal error C1083: Cannot open include file: 'boost\shared_ptr.hpp': No such file or directory
         DepthBasics.cpp
     1>f:\手势识别相关文档和程序备份\vtesthandtrace\coordinatemappingbasics-d2d\ICalib.h(11): fatal error C1083: Cannot open include file: 'boost\shared_ptr.hpp': No such file or directory
         ImageRenderer.cpp
         main.cpp
     1>f:\手势识别相关文档和程序备份\vtesthandtrace\coordinatemappingbasics-d2d\ICalib.h(11): fatal error C1083: Cannot open include file: 'boost\shared_ptr.hpp': No such file or directory
     1>Done Building Project "F:\手势识别相关文档和程序备份\vTestHandTrace\CoordinateMappingBasics-D2D\CoordinateMappingBasics-D2D.vcxproj" (Build target(s)) -- FAILED.

Build FAILED.

Time Elapsed 00:00:07.79
